<?xml version="1.0" encoding="UTF-8"?>
<!-- Generated by org.testng.reporters.JUnitReportReporter -->
<testsuite hostname="AlexandraPC" failures="0" tests="4" name="by.stormnet.web.BlogTest" time="13.310" errors="0" timestamp="2020-01-21T19:08:22 MSK" skipped="0">
  <testcase classname="by.stormnet.web.BlogTest" name="checkInstaShoppingPageFromBlog" time="5.491"/>
  <testcase classname="by.stormnet.web.BlogTest" name="checkBlogMenu" time="1.869"/>
  <testcase classname="by.stormnet.web.BlogTest" name="checkBlogBeauty" time="0.625"/>
  <testcase classname="by.stormnet.web.BlogTest" name="checkBlogStyle" time="5.325"/>
</testsuite> <!-- by.stormnet.web.BlogTest -->
