<?xml version="1.0" encoding="UTF-8"?>
<!-- Generated by org.testng.reporters.JUnitReportReporter -->
<testsuite hostname="AlexandraPC" failures="0" tests="22" name="by.stormnet.web.FiltrationTests" time="298.107" errors="0" timestamp="2020-01-21T19:08:22 MSK" skipped="10">
  <testcase classname="by.stormnet.web.FiltrationTests" name="searchOnLamoda" time="33.506">
    <skipped/>
  </testcase> <!-- searchOnLamoda -->
  <testcase classname="by.stormnet.web.FiltrationTests" name="searchOnLamoda" time="32.977">
    <skipped/>
  </testcase> <!-- searchOnLamoda -->
  <testcase classname="by.stormnet.web.FiltrationTests" name="searchOnLamoda" time="13.862"/>
  <testcase classname="by.stormnet.web.FiltrationTests" name="searchOnLamoda" time="34.311">
    <skipped/>
  </testcase> <!-- searchOnLamoda -->
  <testcase classname="by.stormnet.web.FiltrationTests" name="searchOnLamoda" time="15.463">
    <skipped/>
  </testcase> <!-- searchOnLamoda -->
  <testcase classname="by.stormnet.web.FiltrationTests" name="searchOnLamoda" time="32.808">
    <skipped/>
  </testcase> <!-- searchOnLamoda -->
  <testcase classname="by.stormnet.web.FiltrationTests" name="searchOnLamoda" time="14.737"/>
  <testcase classname="by.stormnet.web.FiltrationTests" name="searchOnLamoda" time="35.259">
    <skipped/>
  </testcase> <!-- searchOnLamoda -->
  <testcase classname="by.stormnet.web.FiltrationTests" name="searchOnLamoda" time="15.402"/>
  <testcase classname="by.stormnet.web.FiltrationTests" name="selectSubCategory" time="3.270"/>
  <testcase classname="by.stormnet.web.FiltrationTests" name="applySoring" time="0.294"/>
  <testcase classname="by.stormnet.web.FiltrationTests" name="sortingIsSaved" time="4.864"/>
  <testcase classname="by.stormnet.web.FiltrationTests" name="sortingIsSaved" time="0.395">
    <skipped/>
  </testcase> <!-- sortingIsSaved -->
  <testcase classname="by.stormnet.web.FiltrationTests" name="applySaleFilter" time="4.916">
    <skipped/>
  </testcase> <!-- applySaleFilter -->
  <testcase classname="by.stormnet.web.FiltrationTests" name="applySaleFilter" time="3.392"/>
  <testcase classname="by.stormnet.web.FiltrationTests" name="saleFilterStays" time="4.949"/>
  <testcase classname="by.stormnet.web.FiltrationTests" name="applyPriceFilter" time="16.006">
    <skipped/>
  </testcase> <!-- applyPriceFilter -->
  <testcase classname="by.stormnet.web.FiltrationTests" name="applyPriceFilter" time="4.922">
    <skipped/>
  </testcase> <!-- applyPriceFilter -->
  <testcase classname="by.stormnet.web.FiltrationTests" name="applyPriceFilter" time="5.619"/>
  <testcase classname="by.stormnet.web.FiltrationTests" name="searchByText" time="1.831"/>
  <testcase classname="by.stormnet.web.FiltrationTests" name="searchByWrongText" time="13.334"/>
  <testcase classname="by.stormnet.web.FiltrationTests" name="navigationFromTopMenu" time="5.990"/>
</testsuite> <!-- by.stormnet.web.FiltrationTests -->
