<?xml version="1.0" encoding="UTF-8"?>
<!-- Generated by org.testng.reporters.JUnitReportReporter -->
<testsuite hostname="AlexandraPC" failures="0" tests="3" name="by.stormnet.web.CommonTests" time="32.505" errors="0" timestamp="2020-01-09T21:53:06 MSK" skipped="0">
  <testcase classname="by.stormnet.web.CommonTests" name="loginTest" time="3.513"/>
  <testcase classname="by.stormnet.web.CommonTests" name="onlinerTest" time="14.399"/>
  <testcase classname="by.stormnet.web.CommonTests" name="paginationTest" time="14.593"/>
</testsuite> <!-- by.stormnet.web.CommonTests -->
