<?xml version="1.0" encoding="UTF-8"?>
<!-- Generated by org.testng.reporters.JUnitReportReporter -->
<testsuite hostname="AlexandraPC" failures="0" tests="5" name="by.stormnet.web.LoginTests" time="4.839" errors="0" timestamp="2020-01-21T19:08:22 MSK" skipped="0">
  <testcase classname="by.stormnet.web.LoginTests" name="validationWithEmptyFields" time="2.020"/>
  <testcase classname="by.stormnet.web.LoginTests" name="validationInvalidEmail" time="1.151"/>
  <testcase classname="by.stormnet.web.LoginTests" name="validationShortPassword" time="0.648"/>
  <testcase classname="by.stormnet.web.LoginTests" name="validationDifferentPasswords" time="0.603"/>
  <testcase classname="by.stormnet.web.LoginTests" name="validationInvalidSymbolsPassword" time="0.417"/>
</testsuite> <!-- by.stormnet.web.LoginTests -->
