<?xml version="1.0" encoding="UTF-8"?>
<!-- Generated by org.testng.reporters.JUnitReportReporter -->
<testsuite hostname="AlexandraPC" failures="0" tests="3" name="by.stormnet.web.DeliveryRegionTests" time="7.110" errors="0" timestamp="2020-01-21T19:08:22 MSK" skipped="0">
  <testcase classname="by.stormnet.web.DeliveryRegionTests" name="checkElementsOnDeliveryPopUp" time="2.823"/>
  <testcase classname="by.stormnet.web.DeliveryRegionTests" name="selectMinskAsDeliveryPoint" time="1.921"/>
  <testcase classname="by.stormnet.web.DeliveryRegionTests" name="checkErrorMessageForWrongCityName" time="2.366"/>
</testsuite> <!-- by.stormnet.web.DeliveryRegionTests -->
