<?xml version="1.0" encoding="UTF-8"?>
<!-- Generated by org.testng.reporters.JUnitReportReporter -->
<testsuite hostname="AlexandraPC" failures="0" tests="7" name="by.stormnet.web.CartTests" time="24.239" errors="0" timestamp="2020-01-21T19:08:22 MSK" skipped="0">
  <testcase classname="by.stormnet.web.CartTests" name="addAndCheckItemInCart" time="5.646"/>
  <testcase classname="by.stormnet.web.CartTests" name="checkRequiredFieldsAreEmpty" time="0.995"/>
  <testcase classname="by.stormnet.web.CartTests" name="addOneMoreItemInCart" time="1.609"/>
  <testcase classname="by.stormnet.web.CartTests" name="removeOneItemFromCart" time="0.865"/>
  <testcase classname="by.stormnet.web.CartTests" name="removeItemAndCheckEmptyCart" time="0.815"/>
  <testcase classname="by.stormnet.web.CartTests" name="fillOrderFieldsAndCheckConfirmation" time="10.718"/>
  <testcase classname="by.stormnet.web.CartTests" name="checkOrderPointIsChosen" time="3.591"/>
</testsuite> <!-- by.stormnet.web.CartTests -->
