<?xml version="1.0" encoding="UTF-8"?>
<!-- Generated by org.testng.reporters.JUnitReportReporter -->
<testsuite hostname="AlexandraPC" failures="0" tests="1" name="by.stormnet.web.CartTests" time="6.711" errors="0" timestamp="2020-01-20T22:53:05 MSK" skipped="0">
  <testcase classname="by.stormnet.web.CartTests" name="addAndCheckItemInCart" time="6.711"/>
</testsuite> <!-- by.stormnet.web.CartTests -->
