<?xml version="1.0" encoding="UTF-8"?>
<!-- Generated by org.testng.reporters.JUnitReportReporter -->
<testsuite hostname="AlexandraPC" failures="0" tests="4" name="by.stormnet.web.factory.TestForFactory" time="7.378" errors="0" timestamp="2020-01-21T19:08:22 MSK" skipped="0">
  <testcase classname="by.stormnet.web.factory.TestForFactory" name="validationInvalidName" time="2.326"/>
  <testcase classname="by.stormnet.web.factory.TestForFactory" name="validationInvalidName" time="1.800"/>
  <testcase classname="by.stormnet.web.factory.TestForFactory" name="validationInvalidName" time="1.250"/>
  <testcase classname="by.stormnet.web.factory.TestForFactory" name="validationInvalidName" time="2.002"/>
</testsuite> <!-- by.stormnet.web.factory.TestForFactory -->
